<?xml version="1.0" encoding="UTF-8"?>
<!-- Generated by org.testng.reporters.JUnitReportReporter -->
<testsuite skipped="0" hostname="DESKTOP-96U8LI5" name="com.aeli.qa.testcases.EntityPageTest" tests="1" failures="0" timestamp="2021-01-27T16:10:17 IST" time="140.645" errors="0">
  <testcase name="validateCreatingIntentTest" time="140.645" classname="com.aeli.qa.testcases.EntityPageTest"/>
</testsuite> <!-- com.aeli.qa.testcases.EntityPageTest -->
