<?xml version="1.0" encoding="UTF-8"?>
<!-- Generated by org.testng.reporters.JUnitReportReporter -->
<testsuite skipped="0" hostname="DESKTOP-96U8LI5" name="com.aeli.qa.testcasesSysadmin.TenantPageSysTest" tests="2" failures="0" timestamp="2021-02-08T14:00:55 IST" time="181.964" errors="0">
  <testcase name="validateCreateNewTenantTest" time="114.407" classname="com.aeli.qa.testcasesSysadmin.TenantPageSysTest"/>
  <testcase name="validateEditTenantTest" time="67.557" classname="com.aeli.qa.testcasesSysadmin.TenantPageSysTest"/>
</testsuite> <!-- com.aeli.qa.testcasesSysadmin.TenantPageSysTest -->
