<?xml version="1.0" encoding="UTF-8"?>
<!-- Generated by org.testng.reporters.JUnitReportReporter -->
<testsuite skipped="0" hostname="DESKTOP-96U8LI5" name="com.aeli.qa.testcases.ClonePageTest" tests="1" failures="0" timestamp="2021-01-22T17:39:06 IST" time="253.555" errors="0">
  <testcase name="validateCloingProjectTest" time="253.555" classname="com.aeli.qa.testcases.ClonePageTest"/>
</testsuite> <!-- com.aeli.qa.testcases.ClonePageTest -->
