<?xml version="1.0" encoding="UTF-8"?>
<!-- Generated by org.testng.reporters.JUnitReportReporter -->
<testsuite skipped="0" hostname="DESKTOP-96U8LI5" name="com.aeli.qa.testcasesSysadmin.TenantPageTest" tests="1" failures="0" timestamp="2021-01-29T15:18:11 IST" time="72.408" errors="0">
  <testcase name="validateCreateNewTenantTest" time="72.408" classname="com.aeli.qa.testcasesSysadmin.TenantPageTest"/>
</testsuite> <!-- com.aeli.qa.testcasesSysadmin.TenantPageTest -->
