<?xml version="1.0" encoding="UTF-8"?>
<!-- Generated by org.testng.reporters.JUnitReportReporter -->
<testsuite skipped="0" hostname="DESKTOP-96U8LI5" name="com.aeli.qa.testcases.TrainPageTest" tests="1" failures="0" timestamp="2021-01-28T17:29:49 IST" time="96.818" errors="0">
  <testcase name="validateTrainProjectTest" time="96.818" classname="com.aeli.qa.testcases.TrainPageTest"/>
</testsuite> <!-- com.aeli.qa.testcases.TrainPageTest -->
