<?xml version="1.0" encoding="UTF-8"?>
<!-- Generated by org.testng.reporters.JUnitReportReporter -->
<testsuite skipped="0" hostname="DESKTOP-96U8LI5" name="com.aeli.qa.testcases.IntentPageTest" tests="1" failures="0" timestamp="2021-01-27T14:46:21 IST" time="120.555" errors="0">
  <testcase name="validateCreatingIntentTest" time="120.555" classname="com.aeli.qa.testcases.IntentPageTest"/>
</testsuite> <!-- com.aeli.qa.testcases.IntentPageTest -->
