<?xml version="1.0" encoding="UTF-8"?>
<!-- Generated by org.testng.reporters.JUnitReportReporter -->
<testsuite skipped="0" hostname="DESKTOP-96U8LI5" name="com.aeli.qa.testcases.ProjectsPageTest" tests="1" failures="0" timestamp="2021-01-27T12:45:10 IST" time="92.310" errors="0">
  <testcase name="validateDownloadExportProjectTest" time="92.310" classname="com.aeli.qa.testcases.ProjectsPageTest"/>
</testsuite> <!-- com.aeli.qa.testcases.ProjectsPageTest -->
