<?xml version="1.0" encoding="UTF-8"?>
<!-- Generated by org.testng.reporters.JUnitReportReporter -->
<testsuite skipped="0" hostname="DESKTOP-96U8LI5" name="com.aeli.qa.testcases.KnowledgeBasePageTest" tests="1" failures="0" timestamp="2021-02-08T14:39:13 IST" time="194.059" errors="0">
  <testcase name="validateUploadDocxTest" time="194.059" classname="com.aeli.qa.testcases.KnowledgeBasePageTest"/>
</testsuite> <!-- com.aeli.qa.testcases.KnowledgeBasePageTest -->
