<?xml version="1.0" encoding="UTF-8"?>
<!-- Generated by org.testng.reporters.JUnitReportReporter -->
<testsuite skipped="0" hostname="DESKTOP-96U8LI5" name="com.aeli.qa.testcases.MappingPageTest" tests="1" failures="0" timestamp="2021-02-11T16:26:29 IST" time="231.009" errors="0">
  <testcase name="validateAddMappingTest" time="231.009" classname="com.aeli.qa.testcases.MappingPageTest"/>
</testsuite> <!-- com.aeli.qa.testcases.MappingPageTest -->
