<?xml version="1.0" encoding="UTF-8"?>
<!-- Generated by org.testng.reporters.JUnitReportReporter -->
<testsuite skipped="0" hostname="DESKTOP-96U8LI5" name="com.aeli.qa.testcases.ImportPageTest" tests="1" failures="0" timestamp="2021-01-22T14:06:48 IST" time="79.700" errors="0">
  <testcase name="validateImportProjectTest" time="79.700" classname="com.aeli.qa.testcases.ImportPageTest"/>
</testsuite> <!-- com.aeli.qa.testcases.ImportPageTest -->
