<?xml version="1.0" encoding="UTF-8"?>
<!-- Generated by org.testng.reporters.JUnitReportReporter -->
<testsuite skipped="0" hostname="DESKTOP-96U8LI5" name="com.aeli.qa.testcases.PredictionPageTest" tests="1" failures="0" timestamp="2021-02-05T15:19:21 IST" time="178.264" errors="0">
  <testcase name="validateUtteranceTest" time="178.264" classname="com.aeli.qa.testcases.PredictionPageTest"/>
</testsuite> <!-- com.aeli.qa.testcases.PredictionPageTest -->
