<?xml version="1.0" encoding="UTF-8"?>
<!-- Generated by org.testng.reporters.JUnitReportReporter -->
<testsuite skipped="0" hostname="DESKTOP-96U8LI5" name="com.aeli.qa.testcases.UserPageTest" tests="1" failures="0" timestamp="2021-01-25T13:04:25 IST" time="101.139" errors="0">
  <testcase name="validateAddNewProjectTest" time="101.139" classname="com.aeli.qa.testcases.UserPageTest"/>
</testsuite> <!-- com.aeli.qa.testcases.UserPageTest -->
